[2026-02-12 21:33:55] Validating Microsoft Graph Connection...
[2026-02-12 21:33:55] Connected to Tenant: 254334d6-04e9-468f-9c1b-8fe94cf85f53 as uga-admin-okban@SecureBaseline.onmicrosoft.com
[2026-02-12 21:33:55] Fetching all Entra ID Groups...
[2026-02-12 21:33:55] Found 58 groups.
[2026-02-12 21:34:02] Processing complete. With Members: 5, Without: 53
[2026-02-12 21:34:02] Report generated at: C:\1Sync\OneDrive - Secbase\Oktaj\Work\GetGroups\GroupAssesment\EntraGroupReport.html
[2026-02-12 21:34:02] Opening report in Edge...
[2026-02-12 21:34:48] Validating Microsoft Graph Connection...
[2026-02-12 21:34:48] Connected to Tenant: 254334d6-04e9-468f-9c1b-8fe94cf85f53 as uga-admin-okban@SecureBaseline.onmicrosoft.com
[2026-02-12 21:34:48] Fetching all Entra ID Groups...
[2026-02-12 21:34:48] Found 58 groups.
[2026-02-12 21:34:54] Processing complete. With Members: 5, Without: 53
[2026-02-12 21:34:54] Report generated at: C:\1Sync\OneDrive - Secbase\Oktaj\Work\GetGroups\GroupAssesment\EntraGroupReport.html
[2026-02-12 21:34:54] Opening report in Edge...
[2026-02-12 21:37:43] Validating Microsoft Graph Connection...
[2026-02-12 21:37:43] Connected to Tenant: 254334d6-04e9-468f-9c1b-8fe94cf85f53 as uga-admin-okban@SecureBaseline.onmicrosoft.com
[2026-02-12 21:37:43] Fetching all Entra ID Groups...
[2026-02-12 21:37:43] Found 58 groups.
[2026-02-12 21:37:43] Processing complete. With Members: 0, Without: 58
[2026-02-12 21:37:43] Report generated at: C:\1Sync\OneDrive - Secbase\Oktaj\Work\GetGroups\GroupAssesment\EntraGroupReport.html
[2026-02-12 21:37:43] Opening report in Edge...
[2026-02-12 21:39:48] Validating Microsoft Graph Connection...
[2026-02-12 21:39:48] Connected to Tenant: 254334d6-04e9-468f-9c1b-8fe94cf85f53 as uga-admin-okban@SecureBaseline.onmicrosoft.com
[2026-02-12 21:39:48] Fetching all Entra ID Groups...
[2026-02-12 21:39:49] Found 58 groups.
[2026-02-12 21:39:55] Processing complete. With Members: 5, Without: 53
[2026-02-12 21:39:55] Report generated at: .\EntraGroups_Report.html
[2026-02-12 21:39:55] Opening report in Edge...
[2026-02-12 21:40:50] Validating Microsoft Graph Connection...
[2026-02-12 21:40:50] Connected to Tenant: 254334d6-04e9-468f-9c1b-8fe94cf85f53 as uga-admin-okban@SecureBaseline.onmicrosoft.com
[2026-02-12 21:40:50] Fetching all Entra ID Groups...
[2026-02-12 21:40:50] Found 58 groups.
[2026-02-12 21:40:50] Processing complete. With Members: 0, Without: 58
[2026-02-12 21:40:50] Report generated at: C:\1Sync\OneDrive - Secbase\Oktaj\Work\GetGroups\GroupAssesment\EntraGroupReport.html
[2026-02-12 21:40:50] Opening report in Edge...
[(Get-Date -Format 'yyyy-MM-dd HH:mm:ss')] Fetching groups...
[(Get-Date -Format 'yyyy-MM-dd HH:mm:ss')] Report generated at: .\EntraGroups_Report.html
[2026-02-12 21:44:49] Fetching all Entra ID Groups...
[2026-02-12 21:44:49] Found 58 groups.
[2026-02-12 21:44:56] Report successfully generated: .\EntraGroups_Report.html
